
2026-02-04 13:21:53 INFO  net.dv8tion.jda.api.JDA - Login Successful!
2026-02-04 13:21:53 INFO  n.d.j.i.requests.WebSocketClient - Connected to WebSocket
2026-02-04 13:21:54 INFO  net.dv8tion.jda.api.JDA - Finished Loading!
2026-02-04 13:22:54 ERROR net.dv8tion.jda.api.JDA - One of the EventListeners had an uncaught exception
java.lang.NullPointerException: Cannot invoke "net.dv8tion.jda.api.interactions.commands.OptionMapping.getAsString()" because the return value of "net.dv8tion.jda.api.events.interaction.command.SlashCommandInteractionEvent.getOption(String)" is null
	at es.fplumara.dam1.actividades.discord.DiscrodCommands$DiscordCommands.onSlashCommandInteraction(DiscrodCommands.java:22)
	at net.dv8tion.jda.api.hooks.ListenerAdapter.onEvent(ListenerAdapter.java:660)
	at net.dv8tion.jda.api.hooks.InterfacedEventManager.handle(InterfacedEventManager.java:89)
	at net.dv8tion.jda.internal.hooks.EventManagerProxy.handleInternally(EventManagerProxy.java:76)
	at net.dv8tion.jda.internal.hooks.EventManagerProxy.handle(EventManagerProxy.java:63)
	at net.dv8tion.jda.internal.JDAImpl.handleEvent(JDAImpl.java:182)
	at net.dv8tion.jda.internal.handle.InteractionCreateHandler.handleCommand(InteractionCreateHandler.java:100)
	at net.dv8tion.jda.internal.handle.InteractionCreateHandler.handleInternally(InteractionCreateHandler.java:77)
	at net.dv8tion.jda.internal.handle.SocketHandler.handle(SocketHandler.java:39)
	at net.dv8tion.jda.internal.requests.WebSocketClient.onDispatch(WebSocketClient.java:936)
	at net.dv8tion.jda.internal.requests.WebSocketClient.onEvent(WebSocketClient.java:826)
	at net.dv8tion.jda.internal.requests.WebSocketClient.handleEvent(WebSocketClient.java:809)
	at net.dv8tion.jda.internal.requests.WebSocketClient.onBinaryMessage(WebSocketClient.java:980)
	at com.neovisionaries.ws.client.ListenerManager.callOnBinaryMessage(ListenerManager.java:385)
	at com.neovisionaries.ws.client.ReadingThread.callOnBinaryMessage(ReadingThread.java:276)
	at com.neovisionaries.ws.client.ReadingThread.handleBinaryFrame(ReadingThread.java:996)
	at com.neovisionaries.ws.client.ReadingThread.handleFrame(ReadingThread.java:755)
	at com.neovisionaries.ws.client.ReadingThread.main(ReadingThread.java:108)
	at com.neovisionaries.ws.client.ReadingThread.runMain(ReadingThread.java:64)
	at com.neovisionaries.ws.client.WebSocketThread.run(WebSocketThread.java:45)
2026-02-04 13:23:27 ERROR net.dv8tion.jda.api.JDA - One of the EventListeners had an uncaught exception
java.lang.NullPointerException: Cannot invoke "net.dv8tion.jda.api.interactions.commands.OptionMapping.getAsString()" because the return value of "net.dv8tion.jda.api.events.interaction.command.SlashCommandInteractionEvent.getOption(String)" is null
	at es.fplumara.dam1.actividades.discord.DiscrodCommands$DiscordCommands.onSlashCommandInteraction(DiscrodCommands.java:22)
	at net.dv8tion.jda.api.hooks.ListenerAdapter.onEvent(ListenerAdapter.java:660)
	at net.dv8tion.jda.api.hooks.InterfacedEventManager.handle(InterfacedEventManager.java:89)
	at net.dv8tion.jda.internal.hooks.EventManagerProxy.handleInternally(EventManagerProxy.java:76)
	at net.dv8tion.jda.internal.hooks.EventManagerProxy.handle(EventManagerProxy.java:63)
	at net.dv8tion.jda.internal.JDAImpl.handleEvent(JDAImpl.java:182)
	at net.dv8tion.jda.internal.handle.InteractionCreateHandler.handleCommand(InteractionCreateHandler.java:100)
	at net.dv8tion.jda.internal.handle.InteractionCreateHandler.handleInternally(InteractionCreateHandler.java:77)
	at net.dv8tion.jda.internal.handle.SocketHandler.handle(SocketHandler.java:39)
	at net.dv8tion.jda.internal.requests.WebSocketClient.onDispatch(WebSocketClient.java:936)
	at net.dv8tion.jda.internal.requests.WebSocketClient.onEvent(WebSocketClient.java:826)
	at net.dv8tion.jda.internal.requests.WebSocketClient.handleEvent(WebSocketClient.java:809)
	at net.dv8tion.jda.internal.requests.WebSocketClient.onBinaryMessage(WebSocketClient.java:980)
	at com.neovisionaries.ws.client.ListenerManager.callOnBinaryMessage(ListenerManager.java:385)
	at com.neovisionaries.ws.client.ReadingThread.callOnBinaryMessage(ReadingThread.java:276)
	at com.neovisionaries.ws.client.ReadingThread.handleBinaryFrame(ReadingThread.java:996)
	at com.neovisionaries.ws.client.ReadingThread.handleFrame(ReadingThread.java:755)
	at com.neovisionaries.ws.client.ReadingThread.main(ReadingThread.java:108)
	at com.neovisionaries.ws.client.ReadingThread.runMain(ReadingThread.java:64)
	at com.neovisionaries.ws.client.WebSocketThread.run(WebSocketThread.java:45)
2026-02-04 13:24:15 ERROR net.dv8tion.jda.api.JDA - One of the EventListeners had an uncaught exception
java.lang.NullPointerException: Cannot invoke "net.dv8tion.jda.api.interactions.commands.OptionMapping.getAsString()" because the return value of "net.dv8tion.jda.api.events.interaction.command.SlashCommandInteractionEvent.getOption(String)" is null
	at es.fplumara.dam1.actividades.discord.DiscrodCommands$DiscordCommands.onSlashCommandInteraction(DiscrodCommands.java:22)
	at net.dv8tion.jda.api.hooks.ListenerAdapter.onEvent(ListenerAdapter.java:660)
	at net.dv8tion.jda.api.hooks.InterfacedEventManager.handle(InterfacedEventManager.java:89)
	at net.dv8tion.jda.internal.hooks.EventManagerProxy.handleInternally(EventManagerProxy.java:76)
	at net.dv8tion.jda.internal.hooks.EventManagerProxy.handle(EventManagerProxy.java:63)
	at net.dv8tion.jda.internal.JDAImpl.handleEvent(JDAImpl.java:182)
	at net.dv8tion.jda.internal.handle.InteractionCreateHandler.handleCommand(InteractionCreateHandler.java:100)
	at net.dv8tion.jda.internal.handle.InteractionCreateHandler.handleInternally(InteractionCreateHandler.java:77)
	at net.dv8tion.jda.internal.handle.SocketHandler.handle(SocketHandler.java:39)
	at net.dv8tion.jda.internal.requests.WebSocketClient.onDispatch(WebSocketClient.java:936)
	at net.dv8tion.jda.internal.requests.WebSocketClient.onEvent(WebSocketClient.java:826)
	at net.dv8tion.jda.internal.requests.WebSocketClient.handleEvent(WebSocketClient.java:809)
	at net.dv8tion.jda.internal.requests.WebSocketClient.onBinaryMessage(WebSocketClient.java:980)
	at com.neovisionaries.ws.client.ListenerManager.callOnBinaryMessage(ListenerManager.java:385)
	at com.neovisionaries.ws.client.ReadingThread.callOnBinaryMessage(ReadingThread.java:276)
	at com.neovisionaries.ws.client.ReadingThread.handleBinaryFrame(ReadingThread.java:996)
	at com.neovisionaries.ws.client.ReadingThread.handleFrame(ReadingThread.java:755)
	at com.neovisionaries.ws.client.ReadingThread.main(ReadingThread.java:108)
	at com.neovisionaries.ws.client.ReadingThread.runMain(ReadingThread.java:64)
	at com.neovisionaries.ws.client.WebSocketThread.run(WebSocketThread.java:45)

